Command line:
   PC_isim_beh.exe
     -simmode  gui
     -simrunnum  0
     -socket  50460

Sat Jan 21 15:57:58 2017


 Elaboration Time: 0.171875 sec

 Current Memory Usage: 1340.36 Meg

 Total Signals          : 19
 Total Nets             : 36
 Total Signal Drivers   : 7
 Total Blocks           : 2
 Total Primitive Blocks : 2
 Total Processes        : 9
 Total Traceable Variables  : 20
 Total Scalar Nets and Variables : 128
Total Line Count : 29

 Total Simulation Time: 0.203125 sec

 Current Memory Usage: 868.467 Meg

Sat Jan 21 16:07:30 2017

